# JRE version: OpenJDK Runtime Environment (11.0.11+9) (build 11.0.11+9-b60-7590822)
# Java VM: OpenJDK 64-Bit Server VM (11.0.11+9-b60-7590822, mixed mode, tiered, compressed oops, g1 gc, windows-amd64)
Heap:
 garbage-first heap   total 157696K, used 120056K [0x0000000080000000, 0x0000000100000000)
  region size 1024K, 74 young (75776K), 10 survivors (10240K)
 Metaspace       used 54720K, capacity 56203K, committed 56468K, reserved 1097728K
  class space    used 7097K, capacity 7626K, committed 7756K, reserved 1048576K
GC Heap History (19 events):
Event: 0.612 GC heap before
{Heap before GC invocations=0 (full 0):
 garbage-first heap   total 131072K, used 29696K [0x0000000080000000, 0x0000000100000000)
  region size 1024K, 24 young (24576K), 0 survivors (0K)
 Metaspace       used 10219K, capacity 10431K, committed 10624K, reserved 1058816K
  class space    used 1072K, capacity 1141K, committed 1152K, reserved 1048576K
}
Event: 0.617 GC heap after
{Heap after GC invocations=1 (full 0):
 garbage-first heap   total 131072K, used 9128K [0x0000000080000000, 0x0000000100000000)
  region size 1024K, 3 young (3072K), 3 survivors (3072K)
 Metaspace       used 10219K, capacity 10431K, committed 10624K, reserved 1058816K
  class space    used 1072K, capacity 1141K, committed 1152K, reserved 1048576K
}
Event: 2.022 GC heap before
{Heap before GC invocations=1 (full 0):
 garbage-first heap   total 131072K, used 83880K [0x0000000080000000, 0x0000000100000000)
  region size 1024K, 76 young (77824K), 3 survivors (3072K)
 Metaspace       used 17949K, capacity 18429K, committed 18688K, reserved 1064960K
  class space    used 2127K, capacity 2268K, committed 2304K, reserved 1048576K
}
Event: 2.028 GC heap after
{Heap after GC invocations=2 (full 0):
 garbage-first heap   total 131072K, used 16330K [0x0000000080000000, 0x0000000100000000)
  region size 1024K, 10 young (10240K), 10 survivors (10240K)
 Metaspace       used 17949K, capacity 18429K, committed 18688K, reserved 1064960K
  class space    used 2127K, capacity 2268K, committed 2304K, reserved 1048576K
}
Event: 2.223 GC heap before
{Heap before GC invocations=2 (full 0):
 garbage-first heap   total 131072K, used 37834K [0x0000000080000000, 0x0000000100000000)
  region size 1024K, 33 young (33792K), 10 survivors (10240K)
 Metaspace       used 20658K, capacity 21122K, committed 21296K, reserved 1069056K
  class space    used 2531K, capacity 2676K, committed 2688K, reserved 1048576K
}
Event: 2.230 GC heap after
{Heap after GC invocations=3 (full 0):
 garbage-first heap   total 131072K, used 17334K [0x0000000080000000, 0x0000000100000000)
  region size 1024K, 2 young (2048K), 2 survivors (2048K)
 Metaspace       used 20658K, capacity 21122K, committed 21296K, reserved 1069056K
  class space    used 2531K, capacity 2676K, committed 2688K, reserved 1048576K
}
Event: 2.744 GC heap before
{Heap before GC invocations=4 (full 0):
 garbage-first heap   total 131072K, used 65462K [0x0000000080000000, 0x0000000100000000)
  region size 1024K, 50 young (51200K), 2 survivors (2048K)
 Metaspace       used 25779K, capacity 26409K, committed 26544K, reserved 1073152K
  class space    used 3347K, capacity 3550K, committed 3584K, reserved 1048576K
}
Event: 2.747 GC heap after
{Heap after GC invocations=5 (full 0):
 garbage-first heap   total 131072K, used 19039K [0x0000000080000000, 0x0000000100000000)
  region size 1024K, 3 young (3072K), 3 survivors (3072K)
 Metaspace       used 25779K, capacity 26409K, committed 26544K, reserved 1073152K
  class space    used 3347K, capacity 3550K, committed 3584K, reserved 1048576K
}
Event: 3.467 GC heap before
{Heap before GC invocations=5 (full 0):
 garbage-first heap   total 131072K, used 85599K [0x0000000080000000, 0x0000000100000000)
  region size 1024K, 59 young (60416K), 3 survivors (3072K)
 Metaspace       used 30855K, capacity 31663K, committed 31792K, reserved 1077248K
  class space    used 4156K, capacity 4472K, committed 4480K, reserved 1048576K
}
Event: 3.472 GC heap after
{Heap after GC invocations=6 (full 0):
 garbage-first heap   total 131072K, used 32939K [0x0000000080000000, 0x0000000100000000)
  region size 1024K, 8 young (8192K), 8 survivors (8192K)
 Metaspace       used 30855K, capacity 31663K, committed 31792K, reserved 1077248K
  class space    used 4156K, capacity 4472K, committed 4480K, reserved 1048576K
}
Event: 3.809 GC heap before
{Heap before GC invocations=6 (full 0):
 garbage-first heap   total 131072K, used 49323K [0x0000000080000000, 0x0000000100000000)
  region size 1024K, 25 young (25600K), 8 survivors (8192K)
 Metaspace       used 34578K, capacity 35508K, committed 35632K, reserved 1079296K
  class space    used 4551K, capacity 4923K, committed 4992K, reserved 1048576K
}
Event: 3.820 GC heap after
{Heap after GC invocations=7 (full 0):
 garbage-first heap   total 131072K, used 35320K [0x0000000080000000, 0x0000000100000000)
  region size 1024K, 3 young (3072K), 3 survivors (3072K)
 Metaspace       used 34578K, capacity 35508K, committed 35632K, reserved 1079296K
  class space    used 4551K, capacity 4923K, committed 4992K, reserved 1048576K
}
Event: 4.722 GC heap before
{Heap before GC invocations=8 (full 0):
 garbage-first heap   total 131072K, used 89592K [0x0000000080000000, 0x0000000100000000)
  region size 1024K, 54 young (55296K), 3 survivors (3072K)
 Metaspace       used 40689K, capacity 41797K, committed 42004K, reserved 1085440K
  class space    used 5190K, capacity 5564K, committed 5580K, reserved 1048576K
}
Event: 4.729 GC heap after
{Heap after GC invocations=9 (full 0):
 garbage-first heap   total 131072K, used 39785K [0x0000000080000000, 0x0000000100000000)
  region size 1024K, 7 young (7168K), 7 survivors (7168K)
 Metaspace       used 40689K, capacity 41797K, committed 42004K, reserved 1085440K
  class space    used 5190K, capacity 5564K, committed 5580K, reserved 1048576K
}
Event: 5.370 GC heap before
{Heap before GC invocations=10 (full 0):
 garbage-first heap   total 131072K, used 96105K [0x0000000080000000, 0x0000000100000000)
  region size 1024K, 58 young (59392K), 7 survivors (7168K)
 Metaspace       used 44864K, capacity 46176K, committed 46484K, reserved 1089536K
  class space    used 5653K, capacity 6098K, committed 6220K, reserved 1048576K
}
Event: 5.380 GC heap after
{Heap after GC invocations=11 (full 0):
 garbage-first heap   total 157696K, used 46469K [0x0000000080000000, 0x0000000100000000)
  region size 1024K, 5 young (5120K), 5 survivors (5120K)
 Metaspace       used 44864K, capacity 46176K, committed 46484K, reserved 1089536K
  class space    used 5653K, capacity 6098K, committed 6220K, reserved 1048576K
}
Event: 6.443 GC heap before
{Heap before GC invocations=11 (full 0):
 garbage-first heap   total 157696K, used 112005K [0x0000000080000000, 0x0000000100000000)
  region size 1024K, 69 young (70656K), 5 survivors (5120K)
 Metaspace       used 50651K, capacity 51985K, committed 52116K, reserved 1095680K
  class space    used 6460K, capacity 6923K, committed 6988K, reserved 1048576K
}
Event: 6.463 GC heap after
{Heap after GC invocations=12 (full 0):
 garbage-first heap   total 157696K, used 50424K [0x0000000080000000, 0x0000000100000000)
  region size 1024K, 9 young (9216K), 9 survivors (9216K)
 Metaspace       used 50651K, capacity 51985K, committed 52116K, reserved 1095680K
  class space    used 6460K, capacity 6923K, committed 6988K, reserved 1048576K
}
Event: 7.431 GC heap before
{Heap before GC invocations=12 (full 0):
 garbage-first heap   total 157696K, used 120056K [0x0000000080000000, 0x0000000100000000)
  region size 1024K, 73 young (74752K), 9 survivors (9216K)
 Metaspace       used 54720K, capacity 56203K, committed 56468K, reserved 1097728K
  class space    used 7097K, capacity 7626K, committed 7756K, reserved 1048576K
}

