# JRE version: OpenJDK Runtime Environment (11.0.11+9) (build 11.0.11+9-b60-7590822)
# Java VM: OpenJDK 64-Bit Server VM (11.0.11+9-b60-7590822, mixed mode, tiered, compressed oops, g1 gc, windows-amd64)
Heap:
 garbage-first heap   total 275456K, used 192823K [0x0000000080000000, 0x0000000100000000)
  region size 1024K, 44 young (45056K), 8 survivors (8192K)
 Metaspace       used 146165K, capacity 151108K, committed 153600K, reserved 1183744K
  class space    used 17877K, capacity 19673K, committed 20300K, reserved 1048576K
GC Heap History (20 events):
Event: 3360.966 GC heap before
{Heap before GC invocations=177 (full 0):
 garbage-first heap   total 275456K, used 155125K [0x0000000080000000, 0x0000000100000000)
  region size 1024K, 30 young (30720K), 1 survivors (1024K)
 Metaspace       used 145516K, capacity 150388K, committed 153600K, reserved 1183744K
  class space    used 17861K, capacity 19664K, committed 20300K, reserved 1048576K
}
Event: 3360.982 GC heap after
{Heap after GC invocations=178 (full 0):
 garbage-first heap   total 275456K, used 131963K [0x0000000080000000, 0x0000000100000000)
  region size 1024K, 6 young (6144K), 6 survivors (6144K)
 Metaspace       used 145516K, capacity 150388K, committed 153600K, reserved 1183744K
  class space    used 17861K, capacity 19664K, committed 20300K, reserved 1048576K
}
Event: 3361.682 GC heap before
{Heap before GC invocations=179 (full 0):
 garbage-first heap   total 275456K, used 237435K [0x0000000080000000, 0x0000000100000000)
  region size 1024K, 73 young (74752K), 6 survivors (6144K)
 Metaspace       used 145568K, capacity 150456K, committed 153600K, reserved 1183744K
  class space    used 17861K, capacity 19664K, committed 20300K, reserved 1048576K
}
Event: 3361.688 GC heap after
{Heap after GC invocations=180 (full 0):
 garbage-first heap   total 275456K, used 133620K [0x0000000080000000, 0x0000000100000000)
  region size 1024K, 5 young (5120K), 5 survivors (5120K)
 Metaspace       used 145568K, capacity 150456K, committed 153600K, reserved 1183744K
  class space    used 17861K, capacity 19664K, committed 20300K, reserved 1048576K
}
Event: 3389.725 GC heap before
{Heap before GC invocations=180 (full 0):
 garbage-first heap   total 275456K, used 141812K [0x0000000080000000, 0x0000000100000000)
  region size 1024K, 13 young (13312K), 5 survivors (5120K)
 Metaspace       used 145573K, capacity 150456K, committed 153600K, reserved 1183744K
  class space    used 17862K, capacity 19664K, committed 20300K, reserved 1048576K
}
Event: 3389.739 GC heap after
{Heap after GC invocations=181 (full 0):
 garbage-first heap   total 275456K, used 126252K [0x0000000080000000, 0x0000000100000000)
  region size 1024K, 2 young (2048K), 2 survivors (2048K)
 Metaspace       used 145573K, capacity 150456K, committed 153600K, reserved 1183744K
  class space    used 17862K, capacity 19664K, committed 20300K, reserved 1048576K
}
Event: 3392.071 GC heap before
{Heap before GC invocations=181 (full 0):
 garbage-first heap   total 275456K, used 203052K [0x0000000080000000, 0x0000000100000000)
  region size 1024K, 78 young (79872K), 2 survivors (2048K)
 Metaspace       used 145626K, capacity 150588K, committed 153600K, reserved 1183744K
  class space    used 17862K, capacity 19664K, committed 20300K, reserved 1048576K
}
Event: 3392.090 GC heap after
{Heap after GC invocations=182 (full 0):
 garbage-first heap   total 275456K, used 133569K [0x0000000080000000, 0x0000000100000000)
  region size 1024K, 10 young (10240K), 10 survivors (10240K)
 Metaspace       used 145626K, capacity 150588K, committed 153600K, reserved 1183744K
  class space    used 17862K, capacity 19664K, committed 20300K, reserved 1048576K
}
Event: 3392.558 GC heap before
{Heap before GC invocations=183 (full 0):
 garbage-first heap   total 275456K, used 212417K [0x0000000080000000, 0x0000000100000000)
  region size 1024K, 84 young (86016K), 10 survivors (10240K)
 Metaspace       used 145667K, capacity 150657K, committed 153600K, reserved 1183744K
  class space    used 17862K, capacity 19664K, committed 20300K, reserved 1048576K
}
Event: 3392.576 GC heap after
{Heap after GC invocations=184 (full 0):
 garbage-first heap   total 275456K, used 142177K [0x0000000080000000, 0x0000000100000000)
  region size 1024K, 7 young (7168K), 7 survivors (7168K)
 Metaspace       used 145667K, capacity 150657K, committed 153600K, reserved 1183744K
  class space    used 17862K, capacity 19664K, committed 20300K, reserved 1048576K
}
Event: 3392.594 GC heap before
{Heap before GC invocations=184 (full 0):
 garbage-first heap   total 275456K, used 148321K [0x0000000080000000, 0x0000000100000000)
  region size 1024K, 13 young (13312K), 7 survivors (7168K)
 Metaspace       used 145670K, capacity 150657K, committed 153600K, reserved 1183744K
  class space    used 17862K, capacity 19664K, committed 20300K, reserved 1048576K
}
Event: 3392.608 GC heap after
{Heap after GC invocations=185 (full 0):
 garbage-first heap   total 275456K, used 140320K [0x0000000080000000, 0x0000000100000000)
  region size 1024K, 2 young (2048K), 2 survivors (2048K)
 Metaspace       used 145670K, capacity 150657K, committed 153600K, reserved 1183744K
  class space    used 17862K, capacity 19664K, committed 20300K, reserved 1048576K
}
Event: 3392.789 GC heap before
{Heap before GC invocations=185 (full 0):
 garbage-first heap   total 275456K, used 170016K [0x0000000080000000, 0x0000000100000000)
  region size 1024K, 33 young (33792K), 2 survivors (2048K)
 Metaspace       used 145825K, capacity 150850K, committed 153600K, reserved 1183744K
  class space    used 17862K, capacity 19664K, committed 20300K, reserved 1048576K
}
Event: 3392.796 GC heap after
{Heap after GC invocations=186 (full 0):
 garbage-first heap   total 275456K, used 141235K [0x0000000080000000, 0x0000000100000000)
  region size 1024K, 3 young (3072K), 3 survivors (3072K)
 Metaspace       used 145825K, capacity 150850K, committed 153600K, reserved 1183744K
  class space    used 17862K, capacity 19664K, committed 20300K, reserved 1048576K
}
Event: 3466.339 GC heap before
{Heap before GC invocations=187 (full 0):
 garbage-first heap   total 275456K, used 254899K [0x0000000080000000, 0x0000000100000000)
  region size 1024K, 70 young (71680K), 3 survivors (3072K)
 Metaspace       used 146074K, capacity 150979K, committed 153600K, reserved 1183744K
  class space    used 17877K, capacity 19673K, committed 20300K, reserved 1048576K
}
Event: 3466.435 GC heap after
{Heap after GC invocations=188 (full 0):
 garbage-first heap   total 275456K, used 142538K [0x0000000080000000, 0x0000000100000000)
  region size 1024K, 4 young (4096K), 4 survivors (4096K)
 Metaspace       used 146074K, capacity 150979K, committed 153600K, reserved 1183744K
  class space    used 17877K, capacity 19673K, committed 20300K, reserved 1048576K
}
Event: 3467.001 GC heap before
{Heap before GC invocations=188 (full 0):
 garbage-first heap   total 275456K, used 150730K [0x0000000080000000, 0x0000000100000000)
  region size 1024K, 13 young (13312K), 4 survivors (4096K)
 Metaspace       used 146119K, capacity 150979K, committed 153600K, reserved 1183744K
  class space    used 17877K, capacity 19673K, committed 20300K, reserved 1048576K
}
Event: 3467.107 GC heap after
{Heap after GC invocations=189 (full 0):
 garbage-first heap   total 275456K, used 136592K [0x0000000080000000, 0x0000000100000000)
  region size 1024K, 2 young (2048K), 2 survivors (2048K)
 Metaspace       used 146119K, capacity 150979K, committed 153600K, reserved 1183744K
  class space    used 17877K, capacity 19673K, committed 20300K, reserved 1048576K
}
Event: 4041.499 GC heap before
{Heap before GC invocations=189 (full 0):
 garbage-first heap   total 275456K, used 202128K [0x0000000080000000, 0x0000000100000000)
  region size 1024K, 68 young (69632K), 2 survivors (2048K)
 Metaspace       used 146155K, capacity 151044K, committed 153600K, reserved 1183744K
  class space    used 17877K, capacity 19673K, committed 20300K, reserved 1048576K
}
Event: 4041.612 GC heap after
{Heap after GC invocations=190 (full 0):
 garbage-first heap   total 275456K, used 142647K [0x0000000080000000, 0x0000000100000000)
  region size 1024K, 8 young (8192K), 8 survivors (8192K)
 Metaspace       used 146155K, capacity 151044K, committed 153600K, reserved 1183744K
  class space    used 17877K, capacity 19673K, committed 20300K, reserved 1048576K
}

